{"/Users/nic/HackReactor/SDC/server/controller.js": {"path":"/Users/nic/HackReactor/SDC/server/controller.js","statementMap":{"0":{"start":{"line":1,"column":14},"end":{"line":1,"column":32}},"1":{"start":{"line":3,"column":0},"end":{"line":55,"column":2}},"2":{"start":{"line":5,"column":4},"end":{"line":25,"column":5}},"3":{"start":{"line":6,"column":21},"end":{"line":6,"column":65}},"4":{"start":{"line":7,"column":19},"end":{"line":7,"column":21}},"5":{"start":{"line":8,"column":19},"end":{"line":8,"column":21}},"6":{"start":{"line":9,"column":6},"end":{"line":18,"column":7}},"7":{"start":{"line":9,"column":19},"end":{"line":9,"column":20}},"8":{"start":{"line":10,"column":8},"end":{"line":10,"column":21}},"9":{"start":{"line":11,"column":8},"end":{"line":11,"column":59}},"10":{"start":{"line":12,"column":8},"end":{"line":12,"column":34}},"11":{"start":{"line":13,"column":24},"end":{"line":13,"column":63}},"12":{"start":{"line":14,"column":8},"end":{"line":16,"column":11}},"13":{"start":{"line":15,"column":10},"end":{"line":15,"column":75}},"14":{"start":{"line":17,"column":8},"end":{"line":17,"column":33}},"15":{"start":{"line":19,"column":24},"end":{"line":19,"column":78}},"16":{"start":{"line":21,"column":6},"end":{"line":21,"column":56}},"17":{"start":{"line":22,"column":6},"end":{"line":22,"column":38}},"18":{"start":{"line":24,"column":6},"end":{"line":24,"column":34}},"19":{"start":{"line":28,"column":4},"end":{"line":33,"column":5}},"20":{"start":{"line":29,"column":22},"end":{"line":29,"column":67}},"21":{"start":{"line":30,"column":6},"end":{"line":30,"column":36}},"22":{"start":{"line":32,"column":6},"end":{"line":32,"column":34}},"23":{"start":{"line":36,"column":4},"end":{"line":43,"column":5}},"24":{"start":{"line":37,"column":22},"end":{"line":37,"column":63}},"25":{"start":{"line":38,"column":23},"end":{"line":38,"column":69}},"26":{"start":{"line":39,"column":6},"end":{"line":39,"column":34}},"27":{"start":{"line":40,"column":6},"end":{"line":40,"column":36}},"28":{"start":{"line":42,"column":6},"end":{"line":42,"column":34}},"29":{"start":{"line":46,"column":17},"end":{"line":46,"column":36}},"30":{"start":{"line":47,"column":18},"end":{"line":47,"column":38}},"31":{"start":{"line":48,"column":4},"end":{"line":53,"column":5}},"32":{"start":{"line":49,"column":26},"end":{"line":49,"column":57}},"33":{"start":{"line":50,"column":6},"end":{"line":50,"column":40}},"34":{"start":{"line":52,"column":6},"end":{"line":52,"column":34}}},"fnMap":{"0":{"name":"(anonymous_0)","decl":{"start":{"line":4,"column":13},"end":{"line":4,"column":14}},"loc":{"start":{"line":4,"column":33},"end":{"line":26,"column":3}},"line":4},"1":{"name":"(anonymous_1)","decl":{"start":{"line":14,"column":24},"end":{"line":14,"column":25}},"loc":{"start":{"line":14,"column":33},"end":{"line":16,"column":9}},"line":14},"2":{"name":"(anonymous_2)","decl":{"start":{"line":27,"column":14},"end":{"line":27,"column":15}},"loc":{"start":{"line":27,"column":34},"end":{"line":34,"column":3}},"line":27},"3":{"name":"(anonymous_3)","decl":{"start":{"line":35,"column":10},"end":{"line":35,"column":11}},"loc":{"start":{"line":35,"column":30},"end":{"line":44,"column":3}},"line":35},"4":{"name":"(anonymous_4)","decl":{"start":{"line":45,"column":10},"end":{"line":45,"column":11}},"loc":{"start":{"line":45,"column":30},"end":{"line":54,"column":3}},"line":45}},"branchMap":{"0":{"loc":{"start":{"line":46,"column":17},"end":{"line":46,"column":36}},"type":"binary-expr","locations":[{"start":{"line":46,"column":17},"end":{"line":46,"column":31}},{"start":{"line":46,"column":35},"end":{"line":46,"column":36}}],"line":46},"1":{"loc":{"start":{"line":47,"column":18},"end":{"line":47,"column":38}},"type":"binary-expr","locations":[{"start":{"line":47,"column":18},"end":{"line":47,"column":33}},{"start":{"line":47,"column":37},"end":{"line":47,"column":38}}],"line":47}},"s":{"0":1,"1":1,"2":0,"3":0,"4":0,"5":0,"6":0,"7":0,"8":0,"9":0,"10":0,"11":0,"12":0,"13":0,"14":0,"15":0,"16":0,"17":0,"18":0,"19":0,"20":0,"21":0,"22":0,"23":1,"24":1,"25":0,"26":0,"27":0,"28":0,"29":0,"30":0,"31":0,"32":0,"33":0,"34":0},"f":{"0":0,"1":0,"2":0,"3":1,"4":0},"b":{"0":[0,0],"1":[0,0]},"_coverageSchema":"1a1c01bbd47fc00a2c39e90264f33305004495a9","hash":"01e379e4dd3308953c209cd8359f4e5ccf331f7b"}
,"/Users/nic/HackReactor/SDC/server/db.js": {"path":"/Users/nic/HackReactor/SDC/server/db.js","statementMap":{"0":{"start":{"line":1,"column":19},"end":{"line":1,"column":32}},"1":{"start":{"line":3,"column":13},"end":{"line":9,"column":2}},"2":{"start":{"line":11,"column":18},"end":{"line":13,"column":1}},"3":{"start":{"line":12,"column":2},"end":{"line":12,"column":23}},"4":{"start":{"line":15,"column":16},"end":{"line":68,"column":1}},"5":{"start":{"line":17,"column":2},"end":{"line":17,"column":59}},"6":{"start":{"line":18,"column":2},"end":{"line":18,"column":58}},"7":{"start":{"line":19,"column":2},"end":{"line":19,"column":56}},"8":{"start":{"line":20,"column":2},"end":{"line":20,"column":58}},"9":{"start":{"line":21,"column":2},"end":{"line":21,"column":60}},"10":{"start":{"line":22,"column":2},"end":{"line":22,"column":59}},"11":{"start":{"line":25,"column":2},"end":{"line":25,"column":289}},"12":{"start":{"line":28,"column":2},"end":{"line":28,"column":311}},"13":{"start":{"line":31,"column":2},"end":{"line":31,"column":270}},"14":{"start":{"line":34,"column":2},"end":{"line":34,"column":276}},"15":{"start":{"line":37,"column":2},"end":{"line":37,"column":285}},"16":{"start":{"line":40,"column":2},"end":{"line":40,"column":214}},"17":{"start":{"line":43,"column":2},"end":{"line":43,"column":69}},"18":{"start":{"line":44,"column":2},"end":{"line":44,"column":67}},"19":{"start":{"line":45,"column":2},"end":{"line":45,"column":63}},"20":{"start":{"line":46,"column":2},"end":{"line":46,"column":64}},"21":{"start":{"line":49,"column":2},"end":{"line":49,"column":88}},"22":{"start":{"line":52,"column":2},"end":{"line":52,"column":101}},"23":{"start":{"line":55,"column":2},"end":{"line":55,"column":82}},"24":{"start":{"line":58,"column":2},"end":{"line":58,"column":86}},"25":{"start":{"line":61,"column":2},"end":{"line":61,"column":88}},"26":{"start":{"line":64,"column":2},"end":{"line":64,"column":106}},"27":{"start":{"line":66,"column":15},"end":{"line":66,"column":57}},"28":{"start":{"line":67,"column":2},"end":{"line":67,"column":25}},"29":{"start":{"line":70,"column":0},"end":{"line":70,"column":27}},"30":{"start":{"line":71,"column":0},"end":{"line":71,"column":35}},"31":{"start":{"line":72,"column":0},"end":{"line":72,"column":31}}},"fnMap":{"0":{"name":"(anonymous_0)","decl":{"start":{"line":11,"column":18},"end":{"line":11,"column":19}},"loc":{"start":{"line":11,"column":30},"end":{"line":13,"column":1}},"line":11},"1":{"name":"(anonymous_1)","decl":{"start":{"line":15,"column":16},"end":{"line":15,"column":17}},"loc":{"start":{"line":15,"column":28},"end":{"line":68,"column":1}},"line":15}},"branchMap":{},"s":{"0":1,"1":1,"2":1,"3":0,"4":1,"5":0,"6":0,"7":0,"8":0,"9":0,"10":0,"11":0,"12":0,"13":0,"14":0,"15":0,"16":0,"17":0,"18":0,"19":0,"20":0,"21":0,"22":0,"23":0,"24":0,"25":0,"26":0,"27":0,"28":0,"29":1,"30":1,"31":1},"f":{"0":0,"1":0},"b":{},"_coverageSchema":"1a1c01bbd47fc00a2c39e90264f33305004495a9","hash":"1c467d1f311201025f057d0b7f4fbeb6fa7448d1"}
,"/Users/nic/HackReactor/SDC/server/model.js": {"path":"/Users/nic/HackReactor/SDC/server/model.js","statementMap":{"0":{"start":{"line":1,"column":11},"end":{"line":1,"column":26}},"1":{"start":{"line":3,"column":0},"end":{"line":39,"column":2}},"2":{"start":{"line":5,"column":24},"end":{"line":5,"column":76}},"3":{"start":{"line":6,"column":19},"end":{"line":6,"column":51}},"4":{"start":{"line":7,"column":4},"end":{"line":7,"column":23}},"5":{"start":{"line":10,"column":24},"end":{"line":10,"column":96}},"6":{"start":{"line":11,"column":19},"end":{"line":11,"column":51}},"7":{"start":{"line":12,"column":4},"end":{"line":12,"column":23}},"8":{"start":{"line":15,"column":24},"end":{"line":15,"column":91}},"9":{"start":{"line":16,"column":17},"end":{"line":16,"column":49}},"10":{"start":{"line":17,"column":4},"end":{"line":17,"column":21}},"11":{"start":{"line":20,"column":24},"end":{"line":20,"column":115}},"12":{"start":{"line":21,"column":20},"end":{"line":21,"column":52}},"13":{"start":{"line":22,"column":4},"end":{"line":22,"column":37}},"14":{"start":{"line":25,"column":24},"end":{"line":25,"column":69}},"15":{"start":{"line":26,"column":20},"end":{"line":26,"column":52}},"16":{"start":{"line":27,"column":4},"end":{"line":27,"column":27}},"17":{"start":{"line":30,"column":24},"end":{"line":30,"column":91}},"18":{"start":{"line":31,"column":21},"end":{"line":31,"column":53}},"19":{"start":{"line":32,"column":4},"end":{"line":32,"column":25}},"20":{"start":{"line":35,"column":24},"end":{"line":35,"column":91}},"21":{"start":{"line":36,"column":19},"end":{"line":36,"column":51}},"22":{"start":{"line":37,"column":4},"end":{"line":37,"column":23}}},"fnMap":{"0":{"name":"(anonymous_0)","decl":{"start":{"line":4,"column":13},"end":{"line":4,"column":14}},"loc":{"start":{"line":4,"column":34},"end":{"line":8,"column":3}},"line":4},"1":{"name":"(anonymous_1)","decl":{"start":{"line":9,"column":13},"end":{"line":9,"column":14}},"loc":{"start":{"line":9,"column":32},"end":{"line":13,"column":3}},"line":9},"2":{"name":"(anonymous_2)","decl":{"start":{"line":14,"column":11},"end":{"line":14,"column":12}},"loc":{"start":{"line":14,"column":30},"end":{"line":18,"column":3}},"line":14},"3":{"name":"(anonymous_3)","decl":{"start":{"line":19,"column":14},"end":{"line":19,"column":15}},"loc":{"start":{"line":19,"column":35},"end":{"line":23,"column":3}},"line":19},"4":{"name":"(anonymous_4)","decl":{"start":{"line":24,"column":10},"end":{"line":24,"column":11}},"loc":{"start":{"line":24,"column":31},"end":{"line":28,"column":3}},"line":24},"5":{"name":"(anonymous_5)","decl":{"start":{"line":29,"column":15},"end":{"line":29,"column":16}},"loc":{"start":{"line":29,"column":36},"end":{"line":33,"column":3}},"line":29},"6":{"name":"(anonymous_6)","decl":{"start":{"line":34,"column":10},"end":{"line":34,"column":11}},"loc":{"start":{"line":34,"column":33},"end":{"line":38,"column":3}},"line":34}},"branchMap":{},"s":{"0":1,"1":1,"2":0,"3":0,"4":0,"5":0,"6":0,"7":0,"8":0,"9":0,"10":0,"11":0,"12":0,"13":0,"14":1,"15":1,"16":0,"17":0,"18":0,"19":0,"20":0,"21":0,"22":0},"f":{"0":0,"1":0,"2":0,"3":0,"4":1,"5":0,"6":0},"b":{},"_coverageSchema":"1a1c01bbd47fc00a2c39e90264f33305004495a9","hash":"dd42ec7cba77636078bc5e5775ceb17a0740e087"}
,"/Users/nic/HackReactor/SDC/server/routes.js": {"path":"/Users/nic/HackReactor/SDC/server/routes.js","statementMap":{"0":{"start":{"line":1,"column":15},"end":{"line":1,"column":42}},"1":{"start":{"line":2,"column":17},"end":{"line":2,"column":40}},"2":{"start":{"line":4,"column":0},"end":{"line":4,"column":54}},"3":{"start":{"line":5,"column":0},"end":{"line":5,"column":56}},"4":{"start":{"line":6,"column":0},"end":{"line":6,"column":44}},"5":{"start":{"line":7,"column":0},"end":{"line":7,"column":33}},"6":{"start":{"line":9,"column":0},"end":{"line":9,"column":24}}},"fnMap":{},"branchMap":{},"s":{"0":1,"1":1,"2":1,"3":1,"4":1,"5":1,"6":1},"f":{},"b":{},"_coverageSchema":"1a1c01bbd47fc00a2c39e90264f33305004495a9","hash":"aa794fd50682ea81a25e3ae2e0739501a5e91a24"}
}
