{"/Users/nic/HackReactor/SDC/server/controller.js": {"path":"/Users/nic/HackReactor/SDC/server/controller.js","statementMap":{"0":{"start":{"line":1,"column":14},"end":{"line":1,"column":32}},"1":{"start":{"line":2,"column":11},"end":{"line":2,"column":26}},"2":{"start":{"line":4,"column":0},"end":{"line":68,"column":2}},"3":{"start":{"line":6,"column":19},"end":{"line":6,"column":42}},"4":{"start":{"line":9,"column":4},"end":{"line":36,"column":5}},"5":{"start":{"line":10,"column":21},"end":{"line":10,"column":73}},"6":{"start":{"line":11,"column":19},"end":{"line":11,"column":21}},"7":{"start":{"line":12,"column":19},"end":{"line":12,"column":21}},"8":{"start":{"line":13,"column":6},"end":{"line":23,"column":7}},"9":{"start":{"line":13,"column":19},"end":{"line":13,"column":20}},"10":{"start":{"line":14,"column":8},"end":{"line":14,"column":21}},"11":{"start":{"line":15,"column":8},"end":{"line":15,"column":67}},"12":{"start":{"line":16,"column":8},"end":{"line":16,"column":34}},"13":{"start":{"line":18,"column":24},"end":{"line":18,"column":71}},"14":{"start":{"line":19,"column":8},"end":{"line":21,"column":11}},"15":{"start":{"line":20,"column":10},"end":{"line":20,"column":75}},"16":{"start":{"line":22,"column":8},"end":{"line":22,"column":33}},"17":{"start":{"line":25,"column":6},"end":{"line":33,"column":7}},"18":{"start":{"line":26,"column":8},"end":{"line":26,"column":52}},"19":{"start":{"line":27,"column":8},"end":{"line":27,"column":69}},"20":{"start":{"line":29,"column":26},"end":{"line":29,"column":80}},"21":{"start":{"line":31,"column":8},"end":{"line":31,"column":58}},"22":{"start":{"line":32,"column":8},"end":{"line":32,"column":40}},"23":{"start":{"line":35,"column":6},"end":{"line":35,"column":34}},"24":{"start":{"line":37,"column":4},"end":{"line":37,"column":21}},"25":{"start":{"line":40,"column":4},"end":{"line":45,"column":5}},"26":{"start":{"line":41,"column":22},"end":{"line":41,"column":67}},"27":{"start":{"line":42,"column":6},"end":{"line":42,"column":36}},"28":{"start":{"line":44,"column":6},"end":{"line":44,"column":34}},"29":{"start":{"line":48,"column":4},"end":{"line":55,"column":5}},"30":{"start":{"line":49,"column":22},"end":{"line":49,"column":63}},"31":{"start":{"line":50,"column":23},"end":{"line":50,"column":69}},"32":{"start":{"line":51,"column":6},"end":{"line":51,"column":34}},"33":{"start":{"line":52,"column":6},"end":{"line":52,"column":36}},"34":{"start":{"line":54,"column":6},"end":{"line":54,"column":34}},"35":{"start":{"line":58,"column":17},"end":{"line":58,"column":36}},"36":{"start":{"line":59,"column":18},"end":{"line":59,"column":38}},"37":{"start":{"line":60,"column":4},"end":{"line":66,"column":5}},"38":{"start":{"line":61,"column":26},"end":{"line":61,"column":57}},"39":{"start":{"line":62,"column":6},"end":{"line":62,"column":40}},"40":{"start":{"line":64,"column":6},"end":{"line":64,"column":25}},"41":{"start":{"line":65,"column":6},"end":{"line":65,"column":34}}},"fnMap":{"0":{"name":"(anonymous_0)","decl":{"start":{"line":5,"column":13},"end":{"line":5,"column":14}},"loc":{"start":{"line":5,"column":33},"end":{"line":38,"column":3}},"line":5},"1":{"name":"(anonymous_1)","decl":{"start":{"line":19,"column":24},"end":{"line":19,"column":25}},"loc":{"start":{"line":19,"column":33},"end":{"line":21,"column":9}},"line":19},"2":{"name":"(anonymous_2)","decl":{"start":{"line":39,"column":14},"end":{"line":39,"column":15}},"loc":{"start":{"line":39,"column":34},"end":{"line":46,"column":3}},"line":39},"3":{"name":"(anonymous_3)","decl":{"start":{"line":47,"column":10},"end":{"line":47,"column":11}},"loc":{"start":{"line":47,"column":30},"end":{"line":56,"column":3}},"line":47},"4":{"name":"(anonymous_4)","decl":{"start":{"line":57,"column":10},"end":{"line":57,"column":11}},"loc":{"start":{"line":57,"column":30},"end":{"line":67,"column":3}},"line":57}},"branchMap":{"0":{"loc":{"start":{"line":25,"column":6},"end":{"line":33,"column":7}},"type":"if","locations":[{"start":{"line":25,"column":6},"end":{"line":33,"column":7}},{"start":{"line":28,"column":13},"end":{"line":33,"column":7}}],"line":25},"1":{"loc":{"start":{"line":58,"column":17},"end":{"line":58,"column":36}},"type":"binary-expr","locations":[{"start":{"line":58,"column":17},"end":{"line":58,"column":31}},{"start":{"line":58,"column":35},"end":{"line":58,"column":36}}],"line":58},"2":{"loc":{"start":{"line":59,"column":18},"end":{"line":59,"column":38}},"type":"binary-expr","locations":[{"start":{"line":59,"column":18},"end":{"line":59,"column":33}},{"start":{"line":59,"column":37},"end":{"line":59,"column":38}}],"line":59}},"s":{"0":1,"1":1,"2":1,"3":3,"4":3,"5":3,"6":3,"7":3,"8":3,"9":3,"10":12,"11":12,"12":12,"13":12,"14":12,"15":72,"16":12,"17":3,"18":1,"19":1,"20":2,"21":2,"22":2,"23":0,"24":3,"25":1,"26":1,"27":1,"28":0,"29":1,"30":1,"31":1,"32":1,"33":1,"34":0,"35":1,"36":1,"37":1,"38":1,"39":1,"40":0,"41":0},"f":{"0":3,"1":72,"2":1,"3":1,"4":1},"b":{"0":[1,2],"1":[1,1],"2":[1,1]},"_coverageSchema":"1a1c01bbd47fc00a2c39e90264f33305004495a9","hash":"ba5f6768a83bf1105c8e0bc6c3f3f0ddb03f08f8"}
,"/Users/nic/HackReactor/SDC/server/db.js": {"path":"/Users/nic/HackReactor/SDC/server/db.js","statementMap":{"0":{"start":{"line":1,"column":17},"end":{"line":1,"column":30}},"1":{"start":{"line":3,"column":13},"end":{"line":9,"column":2}},"2":{"start":{"line":14,"column":18},"end":{"line":16,"column":1}},"3":{"start":{"line":15,"column":2},"end":{"line":15,"column":23}},"4":{"start":{"line":18,"column":16},"end":{"line":18,"column":74}},"5":{"start":{"line":18,"column":22},"end":{"line":18,"column":74}},"6":{"start":{"line":18,"column":44},"end":{"line":18,"column":73}},"7":{"start":{"line":20,"column":16},"end":{"line":73,"column":1}},"8":{"start":{"line":22,"column":2},"end":{"line":22,"column":59}},"9":{"start":{"line":23,"column":2},"end":{"line":23,"column":58}},"10":{"start":{"line":24,"column":2},"end":{"line":24,"column":56}},"11":{"start":{"line":25,"column":2},"end":{"line":25,"column":58}},"12":{"start":{"line":26,"column":2},"end":{"line":26,"column":60}},"13":{"start":{"line":27,"column":2},"end":{"line":27,"column":59}},"14":{"start":{"line":30,"column":2},"end":{"line":30,"column":289}},"15":{"start":{"line":33,"column":2},"end":{"line":33,"column":311}},"16":{"start":{"line":36,"column":2},"end":{"line":36,"column":270}},"17":{"start":{"line":39,"column":2},"end":{"line":39,"column":276}},"18":{"start":{"line":42,"column":2},"end":{"line":42,"column":285}},"19":{"start":{"line":45,"column":2},"end":{"line":45,"column":214}},"20":{"start":{"line":48,"column":2},"end":{"line":48,"column":69}},"21":{"start":{"line":49,"column":2},"end":{"line":49,"column":67}},"22":{"start":{"line":50,"column":2},"end":{"line":50,"column":63}},"23":{"start":{"line":51,"column":2},"end":{"line":51,"column":64}},"24":{"start":{"line":54,"column":2},"end":{"line":54,"column":88}},"25":{"start":{"line":57,"column":2},"end":{"line":57,"column":101}},"26":{"start":{"line":60,"column":2},"end":{"line":60,"column":82}},"27":{"start":{"line":63,"column":2},"end":{"line":63,"column":86}},"28":{"start":{"line":66,"column":2},"end":{"line":66,"column":88}},"29":{"start":{"line":69,"column":2},"end":{"line":69,"column":106}},"30":{"start":{"line":75,"column":0},"end":{"line":75,"column":27}},"31":{"start":{"line":76,"column":0},"end":{"line":76,"column":35}},"32":{"start":{"line":77,"column":0},"end":{"line":77,"column":31}},"33":{"start":{"line":78,"column":0},"end":{"line":78,"column":31}}},"fnMap":{"0":{"name":"(anonymous_0)","decl":{"start":{"line":14,"column":18},"end":{"line":14,"column":19}},"loc":{"start":{"line":14,"column":30},"end":{"line":16,"column":1}},"line":14},"1":{"name":"(anonymous_1)","decl":{"start":{"line":18,"column":16},"end":{"line":18,"column":17}},"loc":{"start":{"line":18,"column":22},"end":{"line":18,"column":74}},"line":18},"2":{"name":"(anonymous_2)","decl":{"start":{"line":18,"column":38},"end":{"line":18,"column":39}},"loc":{"start":{"line":18,"column":44},"end":{"line":18,"column":73}},"line":18},"3":{"name":"(anonymous_3)","decl":{"start":{"line":20,"column":16},"end":{"line":20,"column":17}},"loc":{"start":{"line":20,"column":28},"end":{"line":73,"column":1}},"line":20}},"branchMap":{},"s":{"0":1,"1":1,"2":1,"3":0,"4":1,"5":1,"6":1,"7":1,"8":0,"9":0,"10":0,"11":0,"12":0,"13":0,"14":0,"15":0,"16":0,"17":0,"18":0,"19":0,"20":0,"21":0,"22":0,"23":0,"24":0,"25":0,"26":0,"27":0,"28":0,"29":0,"30":1,"31":1,"32":1,"33":1},"f":{"0":0,"1":1,"2":1,"3":0},"b":{},"_coverageSchema":"1a1c01bbd47fc00a2c39e90264f33305004495a9","hash":"0e5713f73a8c6f8f27994c26e221f76d163d74fb"}
,"/Users/nic/HackReactor/SDC/server/model.js": {"path":"/Users/nic/HackReactor/SDC/server/model.js","statementMap":{"0":{"start":{"line":1,"column":11},"end":{"line":1,"column":26}},"1":{"start":{"line":3,"column":0},"end":{"line":47,"column":2}},"2":{"start":{"line":5,"column":24},"end":{"line":5,"column":76}},"3":{"start":{"line":6,"column":19},"end":{"line":6,"column":50}},"4":{"start":{"line":7,"column":4},"end":{"line":7,"column":23}},"5":{"start":{"line":10,"column":24},"end":{"line":10,"column":96}},"6":{"start":{"line":11,"column":19},"end":{"line":11,"column":50}},"7":{"start":{"line":12,"column":4},"end":{"line":12,"column":23}},"8":{"start":{"line":15,"column":24},"end":{"line":15,"column":91}},"9":{"start":{"line":16,"column":17},"end":{"line":16,"column":48}},"10":{"start":{"line":17,"column":4},"end":{"line":17,"column":21}},"11":{"start":{"line":20,"column":19},"end":{"line":20,"column":42}},"12":{"start":{"line":21,"column":24},"end":{"line":21,"column":115}},"13":{"start":{"line":22,"column":20},"end":{"line":22,"column":51}},"14":{"start":{"line":23,"column":4},"end":{"line":23,"column":21}},"15":{"start":{"line":24,"column":4},"end":{"line":24,"column":37}},"16":{"start":{"line":27,"column":19},"end":{"line":27,"column":42}},"17":{"start":{"line":28,"column":24},"end":{"line":28,"column":69}},"18":{"start":{"line":29,"column":20},"end":{"line":29,"column":51}},"19":{"start":{"line":30,"column":4},"end":{"line":30,"column":21}},"20":{"start":{"line":31,"column":4},"end":{"line":31,"column":27}},"21":{"start":{"line":34,"column":19},"end":{"line":34,"column":42}},"22":{"start":{"line":35,"column":24},"end":{"line":35,"column":91}},"23":{"start":{"line":36,"column":21},"end":{"line":36,"column":52}},"24":{"start":{"line":37,"column":4},"end":{"line":37,"column":21}},"25":{"start":{"line":38,"column":4},"end":{"line":38,"column":25}},"26":{"start":{"line":41,"column":19},"end":{"line":41,"column":42}},"27":{"start":{"line":42,"column":24},"end":{"line":42,"column":91}},"28":{"start":{"line":43,"column":19},"end":{"line":43,"column":50}},"29":{"start":{"line":44,"column":4},"end":{"line":44,"column":21}},"30":{"start":{"line":45,"column":4},"end":{"line":45,"column":23}}},"fnMap":{"0":{"name":"(anonymous_0)","decl":{"start":{"line":4,"column":13},"end":{"line":4,"column":14}},"loc":{"start":{"line":4,"column":42},"end":{"line":8,"column":3}},"line":4},"1":{"name":"(anonymous_1)","decl":{"start":{"line":9,"column":13},"end":{"line":9,"column":14}},"loc":{"start":{"line":9,"column":40},"end":{"line":13,"column":3}},"line":9},"2":{"name":"(anonymous_2)","decl":{"start":{"line":14,"column":11},"end":{"line":14,"column":12}},"loc":{"start":{"line":14,"column":38},"end":{"line":18,"column":3}},"line":14},"3":{"name":"(anonymous_3)","decl":{"start":{"line":19,"column":14},"end":{"line":19,"column":15}},"loc":{"start":{"line":19,"column":35},"end":{"line":25,"column":3}},"line":19},"4":{"name":"(anonymous_4)","decl":{"start":{"line":26,"column":10},"end":{"line":26,"column":11}},"loc":{"start":{"line":26,"column":31},"end":{"line":32,"column":3}},"line":26},"5":{"name":"(anonymous_5)","decl":{"start":{"line":33,"column":15},"end":{"line":33,"column":16}},"loc":{"start":{"line":33,"column":36},"end":{"line":39,"column":3}},"line":33},"6":{"name":"(anonymous_6)","decl":{"start":{"line":40,"column":10},"end":{"line":40,"column":11}},"loc":{"start":{"line":40,"column":33},"end":{"line":46,"column":3}},"line":40}},"branchMap":{},"s":{"0":1,"1":1,"2":3,"3":3,"4":3,"5":12,"6":12,"7":12,"8":12,"9":12,"10":12,"11":1,"12":1,"13":1,"14":1,"15":1,"16":1,"17":1,"18":1,"19":1,"20":1,"21":1,"22":1,"23":1,"24":1,"25":1,"26":1,"27":1,"28":1,"29":1,"30":1},"f":{"0":3,"1":12,"2":12,"3":1,"4":1,"5":1,"6":1},"b":{},"_coverageSchema":"1a1c01bbd47fc00a2c39e90264f33305004495a9","hash":"a5c67f517dd381205136206c6f0788bbc4515440"}
,"/Users/nic/HackReactor/SDC/server/routes.js": {"path":"/Users/nic/HackReactor/SDC/server/routes.js","statementMap":{"0":{"start":{"line":1,"column":15},"end":{"line":1,"column":42}},"1":{"start":{"line":2,"column":17},"end":{"line":2,"column":40}},"2":{"start":{"line":4,"column":0},"end":{"line":4,"column":54}},"3":{"start":{"line":5,"column":0},"end":{"line":5,"column":56}},"4":{"start":{"line":6,"column":0},"end":{"line":6,"column":44}},"5":{"start":{"line":7,"column":0},"end":{"line":7,"column":33}},"6":{"start":{"line":9,"column":0},"end":{"line":9,"column":24}}},"fnMap":{},"branchMap":{},"s":{"0":1,"1":1,"2":1,"3":1,"4":1,"5":1,"6":1},"f":{},"b":{},"_coverageSchema":"1a1c01bbd47fc00a2c39e90264f33305004495a9","hash":"aa794fd50682ea81a25e3ae2e0739501a5e91a24"}
,"/Users/nic/HackReactor/SDC/server/tests/testServer.js": {"path":"/Users/nic/HackReactor/SDC/server/tests/testServer.js","statementMap":{"0":{"start":{"line":1,"column":0},"end":{"line":1,"column":27}},"1":{"start":{"line":2,"column":16},"end":{"line":2,"column":34}},"2":{"start":{"line":3,"column":15},"end":{"line":3,"column":35}},"3":{"start":{"line":4,"column":11},"end":{"line":4,"column":27}},"4":{"start":{"line":6,"column":12},"end":{"line":6,"column":21}},"5":{"start":{"line":8,"column":0},"end":{"line":8,"column":24}},"6":{"start":{"line":9,"column":0},"end":{"line":9,"column":48}},"7":{"start":{"line":11,"column":0},"end":{"line":11,"column":33}},"8":{"start":{"line":13,"column":0},"end":{"line":15,"column":3}},"9":{"start":{"line":14,"column":2},"end":{"line":14,"column":31}},"10":{"start":{"line":17,"column":0},"end":{"line":17,"column":21}}},"fnMap":{"0":{"name":"(anonymous_0)","decl":{"start":{"line":13,"column":17},"end":{"line":13,"column":18}},"loc":{"start":{"line":13,"column":31},"end":{"line":15,"column":1}},"line":13}},"branchMap":{},"s":{"0":1,"1":1,"2":1,"3":1,"4":1,"5":1,"6":1,"7":1,"8":1,"9":1,"10":1},"f":{"0":1},"b":{},"_coverageSchema":"1a1c01bbd47fc00a2c39e90264f33305004495a9","hash":"ff378c2bdd52d381207f369809abe9bf8e9f0e8d"}
}
